<?xml version="1.0" encoding="UTF-8"?>
<!-- Generated by org.testng.reporters.JUnitReportReporter -->
<testsuite hostname="DESKTOP-KV1TCAF" failures="0" tests="2" name="PropertiesFiles" time="8.708" errors="0" timestamp="2022-07-21T17:37:50 CDT" skipped="0">
  <testcase classname="PropertiesFiles" name="init" time="3.538"/>
  <system-out/>
  <testcase classname="PropertiesFiles" name="test" time="5.170"/>
  <system-out/>
</testsuite> <!-- PropertiesFiles -->
