<?xml version="1.0" encoding="UTF-8"?>
<!-- Generated by org.testng.reporters.JUnitReportReporter -->
<testsuite hostname="DESKTOP-KV1TCAF" failures="0" tests="2" name="PropertiesFiles" time="8.705" errors="0" timestamp="2022-07-21T16:54:01 CDT" skipped="0">
  <testcase classname="PropertiesFiles" name="init" time="3.803"/>
  <system-out/>
  <testcase classname="PropertiesFiles" name="test" time="4.902"/>
  <system-out/>
</testsuite> <!-- PropertiesFiles -->
